
═══ TYRE SELECTION ═══
Weather condition: dry
    Soft: friction multiplier = 1.18
    Medium: friction multiplier = 1.08
    Hard: friction multiplier = 0.98
    Intermediate: friction multiplier = 0.9
    Wet: friction multiplier = 0.72
→ Best tyre: Soft (friction=1.18)

═══ BUILDING RACE STRATEGY ═══
Race: Entelect GP Level 1
Laps: 50
Tyre: Soft (id=1)
Weather: dry

═══ DETAILED LOG FOR LAP 1 (all laps identical) ═══

─── Lap 1 Segments ───
        Corner seg 2: radius=53m, tyre_friction=1.1800, max_corner_speed=34.77 m/s
    Straight seg 1: length=920m, entry=10.00 m/s, need to arrive at 34.77 m/s
        Braking: 90.00 → 34.77 m/s, decel=20.00 m/s², distance=172.28 m
        Accel: 10.00 → 90.00 m/s, accel=10.00 m/s², distance=400.00 m
        Accel dist to max: 400.00 m, Braking dist: 172.28 m, Total needed: 572.28 m, Straight length: 920 m
        ✓ Can reach max speed. Target=90.00 m/s, brake at 172.28 m before end
    → DECISION: target=90 m/s, brake 172.28 m before end
        Corner seg 2: radius=53m, tyre_friction=1.1800, max_corner_speed=34.77 m/s
    → DECISION: take corner 2 at 34.77 m/s
        Corner seg 3: radius=87m, tyre_friction=1.1800, max_corner_speed=41.73 m/s
    → DECISION: take corner 3 at 41.73 m/s
        Corner seg 5: radius=50m, tyre_friction=1.1800, max_corner_speed=34.06 m/s
    Straight seg 4: length=600m, entry=41.73 m/s, need to arrive at 34.06 m/s
        Braking: 90.00 → 34.06 m/s, decel=20.00 m/s², distance=173.50 m
        Accel: 41.73 → 90.00 m/s, accel=10.00 m/s², distance=317.91 m
        Accel dist to max: 317.91 m, Braking dist: 173.50 m, Total needed: 491.41 m, Straight length: 600 m
        ✓ Can reach max speed. Target=90.00 m/s, brake at 173.50 m before end
    → DECISION: target=90 m/s, brake 173.5 m before end
        Corner seg 5: radius=50m, tyre_friction=1.1800, max_corner_speed=34.06 m/s
    → DECISION: take corner 5 at 34.06 m/s
        Corner seg 6: radius=72m, tyre_friction=1.1800, max_corner_speed=38.87 m/s
    → DECISION: take corner 6 at 38.87 m/s
        Corner seg 8: radius=60m, tyre_friction=1.1800, max_corner_speed=36.35 m/s
    Straight seg 7: length=880m, entry=38.87 m/s, need to arrive at 36.35 m/s
        Braking: 90.00 → 36.35 m/s, decel=20.00 m/s², distance=169.46 m
        Accel: 38.87 → 90.00 m/s, accel=10.00 m/s², distance=329.46 m
        Accel dist to max: 329.46 m, Braking dist: 169.46 m, Total needed: 498.92 m, Straight length: 880 m
        ✓ Can reach max speed. Target=90.00 m/s, brake at 169.46 m before end
    → DECISION: target=90 m/s, brake 169.46 m before end
        Corner seg 8: radius=60m, tyre_friction=1.1800, max_corner_speed=36.35 m/s
    → DECISION: take corner 8 at 36.35 m/s
        Corner seg 10: radius=95m, tyre_friction=1.1800, max_corner_speed=43.16 m/s
    Straight seg 9: length=700m, entry=36.35 m/s, need to arrive at 43.16 m/s
        Braking: 90.00 → 43.16 m/s, decel=20.00 m/s², distance=155.93 m
        Accel: 36.35 → 90.00 m/s, accel=10.00 m/s², distance=338.92 m
        Accel dist to max: 338.92 m, Braking dist: 155.93 m, Total needed: 494.84 m, Straight length: 700 m
        ✓ Can reach max speed. Target=90.00 m/s, brake at 155.93 m before end
    → DECISION: target=90 m/s, brake 155.93 m before end
        Corner seg 10: radius=95m, tyre_friction=1.1800, max_corner_speed=43.16 m/s
    → DECISION: take corner 10 at 43.16 m/s
        Corner seg 11: radius=44m, tyre_friction=1.1800, max_corner_speed=32.57 m/s
    → DECISION: take corner 11 at 32.57 m/s
        Corner seg 13: radius=78m, tyre_friction=1.1800, max_corner_speed=40.05 m/s
    Straight seg 12: length=810m, entry=32.57 m/s, need to arrive at 40.05 m/s
        Braking: 90.00 → 40.05 m/s, decel=20.00 m/s², distance=162.40 m
        Accel: 32.57 → 90.00 m/s, accel=10.00 m/s², distance=351.96 m
        Accel dist to max: 351.96 m, Braking dist: 162.40 m, Total needed: 514.37 m, Straight length: 810 m
        ✓ Can reach max speed. Target=90.00 m/s, brake at 162.40 m before end
    → DECISION: target=90 m/s, brake 162.4 m before end
        Corner seg 13: radius=78m, tyre_friction=1.1800, max_corner_speed=40.05 m/s
    → DECISION: take corner 13 at 40.05 m/s
        Corner seg 15: radius=55m, tyre_friction=1.1800, max_corner_speed=35.23 m/s
    Straight seg 14: length=660m, entry=40.05 m/s, need to arrive at 35.23 m/s
        Braking: 90.00 → 35.23 m/s, decel=20.00 m/s², distance=171.47 m
        Accel: 40.05 → 90.00 m/s, accel=10.00 m/s², distance=324.81 m
        Accel dist to max: 324.81 m, Braking dist: 171.47 m, Total needed: 496.27 m, Straight length: 660 m
        ✓ Can reach max speed. Target=90.00 m/s, brake at 171.47 m before end
    → DECISION: target=90 m/s, brake 171.47 m before end
        Corner seg 15: radius=55m, tyre_friction=1.1800, max_corner_speed=35.23 m/s
    → DECISION: take corner 15 at 35.23 m/s

═══ SUMMARY ═══
Total laps: 50
Pit stops: none
All laps use identical segment strategy (no degradation in Level 1)